# JRE version: OpenJDK Runtime Environment (11.0.10) (build 11.0.10+0-b96-7249189)
# Java VM: OpenJDK 64-Bit Server VM (11.0.10+0-b96-7249189, mixed mode, tiered, compressed oops, g1 gc, windows-amd64)
Heap:
 garbage-first heap   total 315392K, used 65566K [0x00000000a0000000, 0x0000000100000000)
  region size 1024K, 4 young (4096K), 2 survivors (2048K)
 Metaspace       used 60405K, capacity 61578K, committed 61696K, reserved 1103872K
  class space    used 7220K, capacity 7667K, committed 7680K, reserved 1048576K
GC Heap History (20 events):
Event: 47.896 GC heap before
{Heap before GC invocations=27 (full 0):
 garbage-first heap   total 315392K, used 243588K [0x00000000a0000000, 0x0000000100000000)
  region size 1024K, 184 young (188416K), 13 survivors (13312K)
 Metaspace       used 59126K, capacity 60289K, committed 60416K, reserved 1101824K
  class space    used 7086K, capacity 7512K, committed 7552K, reserved 1048576K
}
Event: 47.899 GC heap after
{Heap after GC invocations=28 (full 0):
 garbage-first heap   total 315392K, used 66948K [0x00000000a0000000, 0x0000000100000000)
  region size 1024K, 12 young (12288K), 12 survivors (12288K)
 Metaspace       used 59126K, capacity 60289K, committed 60416K, reserved 1101824K
  class space    used 7086K, capacity 7512K, committed 7552K, reserved 1048576K
}
Event: 48.058 GC heap before
{Heap before GC invocations=28 (full 0):
 garbage-first heap   total 315392K, used 243076K [0x00000000a0000000, 0x0000000100000000)
  region size 1024K, 185 young (189440K), 12 survivors (12288K)
 Metaspace       used 59126K, capacity 60289K, committed 60416K, reserved 1101824K
  class space    used 7086K, capacity 7512K, committed 7552K, reserved 1048576K
}
Event: 48.061 GC heap after
{Heap after GC invocations=29 (full 0):
 garbage-first heap   total 315392K, used 72652K [0x00000000a0000000, 0x0000000100000000)
  region size 1024K, 17 young (17408K), 17 survivors (17408K)
 Metaspace       used 59126K, capacity 60289K, committed 60416K, reserved 1101824K
  class space    used 7086K, capacity 7512K, committed 7552K, reserved 1048576K
}
Event: 48.200 GC heap before
{Heap before GC invocations=29 (full 0):
 garbage-first heap   total 315392K, used 243660K [0x00000000a0000000, 0x0000000100000000)
  region size 1024K, 184 young (188416K), 17 survivors (17408K)
 Metaspace       used 59126K, capacity 60289K, committed 60416K, reserved 1101824K
  class space    used 7086K, capacity 7512K, committed 7552K, reserved 1048576K
}
Event: 48.204 GC heap after
{Heap after GC invocations=30 (full 0):
 garbage-first heap   total 315392K, used 74496K [0x00000000a0000000, 0x0000000100000000)
  region size 1024K, 16 young (16384K), 16 survivors (16384K)
 Metaspace       used 59126K, capacity 60289K, committed 60416K, reserved 1101824K
  class space    used 7086K, capacity 7512K, committed 7552K, reserved 1048576K
}
Event: 48.336 GC heap before
{Heap before GC invocations=30 (full 0):
 garbage-first heap   total 315392K, used 246528K [0x00000000a0000000, 0x0000000100000000)
  region size 1024K, 184 young (188416K), 16 survivors (16384K)
 Metaspace       used 59126K, capacity 60289K, committed 60416K, reserved 1101824K
  class space    used 7086K, capacity 7512K, committed 7552K, reserved 1048576K
}
Event: 48.339 GC heap after
{Heap after GC invocations=31 (full 0):
 garbage-first heap   total 315392K, used 75759K [0x00000000a0000000, 0x0000000100000000)
  region size 1024K, 16 young (16384K), 16 survivors (16384K)
 Metaspace       used 59126K, capacity 60289K, committed 60416K, reserved 1101824K
  class space    used 7086K, capacity 7512K, committed 7552K, reserved 1048576K
}
Event: 48.466 GC heap before
{Heap before GC invocations=31 (full 0):
 garbage-first heap   total 315392K, used 247791K [0x00000000a0000000, 0x0000000100000000)
  region size 1024K, 185 young (189440K), 16 survivors (16384K)
 Metaspace       used 59127K, capacity 60289K, committed 60416K, reserved 1101824K
  class space    used 7086K, capacity 7512K, committed 7552K, reserved 1048576K
}
Event: 48.469 GC heap after
{Heap after GC invocations=32 (full 0):
 garbage-first heap   total 315392K, used 76695K [0x00000000a0000000, 0x0000000100000000)
  region size 1024K, 16 young (16384K), 16 survivors (16384K)
 Metaspace       used 59127K, capacity 60289K, committed 60416K, reserved 1101824K
  class space    used 7086K, capacity 7512K, committed 7552K, reserved 1048576K
}
Event: 48.665 GC heap before
{Heap before GC invocations=32 (full 0):
 garbage-first heap   total 315392K, used 248727K [0x00000000a0000000, 0x0000000100000000)
  region size 1024K, 184 young (188416K), 16 survivors (16384K)
 Metaspace       used 59127K, capacity 60289K, committed 60416K, reserved 1101824K
  class space    used 7086K, capacity 7512K, committed 7552K, reserved 1048576K
}
Event: 48.668 GC heap after
{Heap after GC invocations=33 (full 0):
 garbage-first heap   total 315392K, used 72527K [0x00000000a0000000, 0x0000000100000000)
  region size 1024K, 13 young (13312K), 13 survivors (13312K)
 Metaspace       used 59127K, capacity 60289K, committed 60416K, reserved 1101824K
  class space    used 7086K, capacity 7512K, committed 7552K, reserved 1048576K
}
Event: 48.941 GC heap before
{Heap before GC invocations=33 (full 0):
 garbage-first heap   total 315392K, used 247631K [0x00000000a0000000, 0x0000000100000000)
  region size 1024K, 184 young (188416K), 13 survivors (13312K)
 Metaspace       used 59127K, capacity 60289K, committed 60416K, reserved 1101824K
  class space    used 7086K, capacity 7512K, committed 7552K, reserved 1048576K
}
Event: 48.945 GC heap after
{Heap after GC invocations=34 (full 0):
 garbage-first heap   total 315392K, used 76570K [0x00000000a0000000, 0x0000000100000000)
  region size 1024K, 17 young (17408K), 17 survivors (17408K)
 Metaspace       used 59127K, capacity 60289K, committed 60416K, reserved 1101824K
  class space    used 7086K, capacity 7512K, committed 7552K, reserved 1048576K
}
Event: 49.301 GC heap before
{Heap before GC invocations=34 (full 0):
 garbage-first heap   total 315392K, used 247578K [0x00000000a0000000, 0x0000000100000000)
  region size 1024K, 184 young (188416K), 17 survivors (17408K)
 Metaspace       used 59127K, capacity 60289K, committed 60416K, reserved 1101824K
  class space    used 7086K, capacity 7512K, committed 7552K, reserved 1048576K
}
Event: 49.305 GC heap after
{Heap after GC invocations=35 (full 0):
 garbage-first heap   total 315392K, used 78295K [0x00000000a0000000, 0x0000000100000000)
  region size 1024K, 16 young (16384K), 16 survivors (16384K)
 Metaspace       used 59127K, capacity 60289K, committed 60416K, reserved 1101824K
  class space    used 7086K, capacity 7512K, committed 7552K, reserved 1048576K
}
Event: 50.532 GC heap before
{Heap before GC invocations=35 (full 0):
 garbage-first heap   total 315392K, used 248279K [0x00000000a0000000, 0x0000000100000000)
  region size 1024K, 183 young (187392K), 16 survivors (16384K)
 Metaspace       used 59291K, capacity 60460K, committed 60672K, reserved 1101824K
  class space    used 7111K, capacity 7526K, committed 7552K, reserved 1048576K
}
Event: 50.535 GC heap after
{Heap after GC invocations=36 (full 0):
 garbage-first heap   total 315392K, used 68183K [0x00000000a0000000, 0x0000000100000000)
  region size 1024K, 9 young (9216K), 9 survivors (9216K)
 Metaspace       used 59291K, capacity 60460K, committed 60672K, reserved 1101824K
  class space    used 7111K, capacity 7526K, committed 7552K, reserved 1048576K
}
Event: 50.934 GC heap before
{Heap before GC invocations=36 (full 0):
 garbage-first heap   total 315392K, used 248407K [0x00000000a0000000, 0x0000000100000000)
  region size 1024K, 184 young (188416K), 9 survivors (9216K)
 Metaspace       used 59341K, capacity 60461K, committed 60672K, reserved 1101824K
  class space    used 7114K, capacity 7526K, committed 7552K, reserved 1048576K
}
Event: 50.935 GC heap after
{Heap after GC invocations=37 (full 0):
 garbage-first heap   total 315392K, used 63003K [0x00000000a0000000, 0x0000000100000000)
  region size 1024K, 4 young (4096K), 4 survivors (4096K)
 Metaspace       used 59341K, capacity 60461K, committed 60672K, reserved 1101824K
  class space    used 7114K, capacity 7526K, committed 7552K, reserved 1048576K
}

